------------Fri  1 Mar 14:03:01 -03 2024-----------
Starting pinocchio with: /home/meulindux/AutostockUtils/Prompts/12-Lifestyle.txt
Terminated
------------Sat  2 Mar 08:01:01 -03 2024-----------
Starting pinocchio with: /home/meulindux/AutostockUtils/Prompts/15-Religion and Culture.txt
Selected prompt: A close up shot of a scientist in a lab wearing a white lab coat and safety goggles examining a test tube filled with colorful liquid The framing should be tight with a macro lens focusing on the scientists face and the test tube in the foreground

Selected prompt: A close up shot with a macro lens capturing a scientist in a lab coat smiling as she examines a test tube filled with bubbling blue liquid with beakers and scientific equipment in the background

Selected prompt: A close up shot with a 50mm lens capturing a female scientist in a lab coat focused on pouring a clear liquid from a beaker into a test tube with scientific equipment and glassware in the background

Selected prompt: A female scientist wearing a lab coat and safety goggles examining a test tube in a laboratory A medium shot with a 50mm lens with the focus on the scientists face Soft natural light and warm tones

Selected prompt: A close up shot with a 50mm lens capturing a scientist in a lab coat holding a test tube with bubbling green liquid with laboratory equipment in the background

Selected prompt: A close up shot of a scientist in a lab coat working with test tubes and a microscope with colorful chemical solutions in the background A medium shot with a 50mm lens focusing on the scientist in the right bottom third of the frame

Selected prompt: A close up shot with a 50mm lens capturing a scientist in a lab coat seated at a desk conducting experiments with test tubes and beakers with various scientific equipment and charts visible in the background

Selected prompt: A close up shot with a 50mm lens capturing a scientist in a lab coat holding a test tube filled with colorful liquid with scientific equipment and beakers in the background

Selected prompt: A close up shot with a 50mm lens showcasing a female scientist in a lab coat looking through a microscope at cell samples with scientific equipment and test tubes in the background

Selected prompt: A close up shot with a 50mm lens of a scientist in a lab coat holding a test tube filled with colorful liquid with beakers and scientific equipment in the background

Selected prompt: A close up shot with a 50mm lens of a female scientist wearing a lab coat and safety goggles examining a test tube with colorful liquid in a modern laboratory setting

Selected prompt: A close up shot with a 50mm lens of a female scientist carefully observing a test tube with a bubbling chemical reaction in a laboratory setting with scientific equipment and instruments visible in the background

Selected prompt: A laboratory setting with a scientist wearing safety goggles pouring liquid from a beaker into a test tube The background shows various scientific equipment and glassware A medium shot with a 50mm lens focusing on the scientists face and the liquid being poured

Selected prompt: A closeup shot with a 50mm lens of a young female scientist working with test tubes and beakers in a modern laboratory with soft natural light illuminating the space

Selected prompt: A close up shot with a 50mm lens capturing a female scientist wearing safety goggles and gloves conducting an experiment in a laboratory filled with scientific equipment and test tubes

Selected prompt: A close up shot with a 50mm lens capturing a scientist carefully pipetting a small amount of liquid into a test tube with various scientific equipment and lab tools out of focus in the background

Selected prompt: A close up shot with a 50mm lens capturing a female scientist in a laboratory wearing safety goggles and examining a test tube filled with colorful liquid The background shows shelves stocked with various scientific equipment and specimen samples

Selected prompt: A close up shot with a 50mm lens of a young scientist in a lab coat writing notes while looking at a test tube with colorful liquid with lab equipment and shelves of chemical bottles in the background

Selected prompt: A close up shot with a 50mm lens of a female scientist wearing a lab coat and safety goggles examining a test tube with a thoughtful expression The background shows lab equipment and glassware on shelves

Selected prompt: A close up shot with a 50mm lens capturing a female scientist in a lab coat examining a test tube filled with colorful liquid with scientific equipment and glassware in the background

Selected prompt: A medium shot with a 50mm lens capturing a female scientist in a laboratory carefully analyzing a test tube with a glowing substance surrounded by lab equipment and shelves filled with scientific instruments and books

Selected prompt: A close up shot of a female scientist looking into a microscope in a modern laboratory The background shows various scientific equipment and machinery The shot is framed with a medium shot and a 50mm lens focusing on the scientists face and the microscope in the center frame

Selected prompt: A female scientist wearing a lab coat meticulously examines a test tube in a research laboratory surrounded by scientific equipment and shelves filled with books and beakers A medium shot with a 50mm lens focus on the scientist at the bottom third of the frame with soft natural light and cool tones

Selected prompt: A close up shot with a 50mm lens capturing a scientist in a lab coat conducting an experiment with test tubes and beakers in the background softly lit with warm tones

Selected prompt: A close up shot with a 50mm lens of a young female scientist wearing safety goggles engrossed in examining a chemical solution in a laboratory Glassware and equipment in the background add depth to the frame

Selected prompt: A medium shot with a 50mm lens capturing a group of diverse scientists in a laboratory conducting experiments with beakers and test tubes with soft natural light illuminating the scene

Selected prompt: A female scientist wearing a lab coat and safety goggles examining a test tube in a laboratory The foreground shows various scientific equipment and the background has shelves filled with books and jars of chemicals A close up shot with a 50mm lens focusing on the scientist and the test tube in the center of the frame

Selected prompt: A female scientist wearing a lab coat and safety goggles examining a test tube in a laboratory The background shows shelves filled with scientific equipment and glassware A medium shot with a 50mm lens focusing on the scientist and the test tube in the foreground

Selected prompt: A young female scientist wearing a white lab coat and safety goggles carefully pouring a vibrant blue liquid from a beaker into a flask The background shows shelves filled with various scientific equipment and books The shot is a medium closeup with a 50mm lens with the point of focus on the scientists face Soft natural light illuminates the scene creating a warm and inviting atmosphere

Selected prompt: A close up shot with a 50mm lens capturing a female scientist in a lab coat carefully pouring a blue liquid into a beaker with various scientific equipment and colorful test tubes in the background

Selected prompt: A close up shot of a scientist in a lab coat examining a test tube filled with colorful liquid The background shows shelves filled with beakers jars and other scientific equipment The image is captured with a macro lens focusing on the scientists hand holding the test tube at the bottom third of the frame The lighting is soft and natural casting warm tones on the scene

Selected prompt: A wide shot of a laboratory with scientists conducting experiments using beakers and test tubes with colorful chemical solutions and equipment in the background

Selected prompt: A close up shot with a 50mm lens capturing a female scientist analyzing data in a modern laboratory surrounded by computer monitors and scientific equipment

Selected prompt: A close up shot with a macro lens capturing a scientist in a lab coat and goggles carefully pipetting a clear liquid into a test tube with colorful chemical compounds and glassware in the background

Selected prompt: A close up shot taken with a 50mm lens showing a female scientist in a lab coat examining a test tube filled with colorful liquid with various scientific equipment and beakers in soft focus in the background
